<?xml version="1.0" encoding="UTF-8" ?>
<testsuite errors="0" failures="0" hostname="Parags-MacBook-Pro.local" name="junit.TestCalculator" skipped="0" tests="5" time="0.58" timestamp="2019-10-10T12:31:36">
  <properties>
    <property name="ant.project.invoked-targets" value="junit" />
    <property name="java.runtime.name" value="OpenJDK Runtime Environment" />
    <property name="sun.boot.library.path" value="/Library/Java/JavaVirtualMachines/adoptopenjdk-8.jdk/Contents/Home/jre/lib" />
    <property name="java.vm.version" value="25.222-b10" />
    <property name="ant.library.dir" value="/ParagB/Installables/ANT/apache-ant-1.10.7/lib" />
    <property name="gopherProxySet" value="false" />
    <property name="ant.version" value="Apache Ant(TM) version 1.10.7 compiled on September 1 2019" />
    <property name="ant.java.version" value="1.8" />
    <property name="java.vm.vendor" value="AdoptOpenJDK" />
    <property name="java.vendor.url" value="http://java.oracle.com/" />
    <property name="path.separator" value=":" />
    <property name="java.vm.name" value="OpenJDK 64-Bit Server VM" />
    <property name="file.encoding.pkg" value="sun.io" />
    <property name="user.country" value="GB" />
    <property name="sun.java.launcher" value="SUN_STANDARD" />
    <property name="sun.os.patch.level" value="unknown" />
    <property name="java.vm.specification.name" value="Java Virtual Machine Specification" />
    <property name="user.dir" value="/ParagB/Projects/GIT_Repositories_Others/Jenkin/ajays/SampleWebApp" />
    <property name="java.runtime.version" value="1.8.0_222-b10" />
    <property name="java.awt.graphicsenv" value="sun.awt.CGraphicsEnvironment" />
    <property name="basedir" value="/ParagB/Projects/GIT_Repositories_Others/Jenkin/ajays/SampleWebApp" />
    <property name="java.endorsed.dirs" value="/Library/Java/JavaVirtualMachines/adoptopenjdk-8.jdk/Contents/Home/jre/lib/endorsed" />
    <property name="os.arch" value="x86_64" />
    <property name="java.io.tmpdir" value="/var/folders/bs/7xtpwp6x7kz3b174d2cnls8w0000gn/T/" />
    <property name="ant.core.lib" value="/ParagB/Installables/ANT/apache-ant-1.10.7/lib/ant.jar" />
    <property name="line.separator" value="&#xa;" />
    <property name="ant.file.SampleBuildApp" value="/ParagB/Projects/GIT_Repositories_Others/Jenkin/ajays/SampleWebApp/build.xml" />
    <property name="java.vm.specification.vendor" value="Oracle Corporation" />
    <property name="os.name" value="Mac OS X" />
    <property name="ant.home" value="/ParagB/Installables/ANT/apache-ant-1.10.7" />
    <property name="ant.file.type.SampleBuildApp" value="file" />
    <property name="ant.project.name" value="SampleBuildApp" />
    <property name="sun.jnu.encoding" value="UTF-8" />
    <property name="java.library.path" value="/Users/paragbharambe/Library/Java/Extensions:/Library/Java/Extensions:/Network/Library/Java/Extensions:/System/Library/Java/Extensions:/usr/lib/java:." />
    <property name="java.specification.name" value="Java Platform API Specification" />
    <property name="java.class.version" value="52.0" />
    <property name="sun.management.compiler" value="HotSpot 64-Bit Tiered Compilers" />
    <property name="os.version" value="10.14.6" />
    <property name="ant.file" value="/ParagB/Projects/GIT_Repositories_Others/Jenkin/ajays/SampleWebApp/build.xml" />
    <property name="http.nonProxyHosts" value="local|*.local|169.254/16|*.169.254/16" />
    <property name="user.home" value="/Users/paragbharambe" />
    <property name="user.timezone" value="" />
    <property name="java.awt.printerjob" value="sun.lwawt.macosx.CPrinterJob" />
    <property name="java.specification.version" value="1.8" />
    <property name="file.encoding" value="UTF-8" />
    <property name="java.class.path" value="/ParagB/Installables/ANT/apache-ant-1.10.7/lib/ant-launcher.jar:/ParagB/Installables/ANT/apache-ant-1.10.7/lib/ant-commons-net.jar:/ParagB/Installables/ANT/apache-ant-1.10.7/lib/ant-xz.jar:/ParagB/Installables/ANT/apache-ant-1.10.7/lib/ant-junit4.jar:/ParagB/Installables/ANT/apache-ant-1.10.7/lib/ant-jai.jar:/ParagB/Installables/ANT/apache-ant-1.10.7/lib/ant-apache-resolver.jar:/ParagB/Installables/ANT/apache-ant-1.10.7/lib/ant-jdepend.jar:/ParagB/Installables/ANT/apache-ant-1.10.7/lib/ant-apache-regexp.jar:/ParagB/Installables/ANT/apache-ant-1.10.7/lib/ant-apache-log4j.jar:/ParagB/Installables/ANT/apache-ant-1.10.7/lib/ant-javamail.jar:/ParagB/Installables/ANT/apache-ant-1.10.7/lib/ant-apache-bcel.jar:/ParagB/Installables/ANT/apache-ant-1.10.7/lib/ant.jar:/ParagB/Installables/ANT/apache-ant-1.10.7/lib/ant-netrexx.jar:/ParagB/Installables/ANT/apache-ant-1.10.7/lib/ant-swing.jar:/ParagB/Installables/ANT/apache-ant-1.10.7/lib/ant-jsch.jar:/ParagB/Installables/ANT/apache-ant-1.10.7/lib/ant-junitlauncher.jar:/ParagB/Installables/ANT/apache-ant-1.10.7/lib/ant-junit.jar:/ParagB/Installables/ANT/apache-ant-1.10.7/lib/ant-imageio.jar:/ParagB/Installables/ANT/apache-ant-1.10.7/lib/ant-launcher.jar:/ParagB/Installables/ANT/apache-ant-1.10.7/lib/ant-antlr.jar:/ParagB/Installables/ANT/apache-ant-1.10.7/lib/ant-testutil.jar:/ParagB/Installables/ANT/apache-ant-1.10.7/lib/ant-apache-oro.jar:/ParagB/Installables/ANT/apache-ant-1.10.7/lib/ant-jmf.jar:/ParagB/Installables/ANT/apache-ant-1.10.7/lib/ant-apache-xalan2.jar:/ParagB/Installables/ANT/apache-ant-1.10.7/lib/ant-apache-bsf.jar:/ParagB/Installables/ANT/apache-ant-1.10.7/lib/ant-commons-logging.jar:/Library/Java/JavaVirtualMachines/adoptopenjdk-8.jdk/Contents/Home/lib/tools.jar" />
    <property name="user.name" value="paragbharambe" />
    <property name="java.vm.specification.version" value="1.8" />
    <property name="java.home" value="/Library/Java/JavaVirtualMachines/adoptopenjdk-8.jdk/Contents/Home/jre" />
    <property name="sun.java.command" value="org.apache.tools.ant.launch.Launcher -cp  junit" />
    <property name="sun.arch.data.model" value="64" />
    <property name="user.language" value="en" />
    <property name="java.specification.vendor" value="Oracle Corporation" />
    <property name="awt.toolkit" value="sun.lwawt.macosx.LWCToolkit" />
    <property name="java.vm.info" value="mixed mode" />
    <property name="java.version" value="1.8.0_222" />
    <property name="java.ext.dirs" value="/Users/paragbharambe/Library/Java/Extensions:/Library/Java/JavaVirtualMachines/adoptopenjdk-8.jdk/Contents/Home/jre/lib/ext:/Library/Java/Extensions:/Network/Library/Java/Extensions:/System/Library/Java/Extensions:/usr/lib/java" />
    <property name="sun.boot.class.path" value="/Library/Java/JavaVirtualMachines/adoptopenjdk-8.jdk/Contents/Home/jre/lib/resources.jar:/Library/Java/JavaVirtualMachines/adoptopenjdk-8.jdk/Contents/Home/jre/lib/rt.jar:/Library/Java/JavaVirtualMachines/adoptopenjdk-8.jdk/Contents/Home/jre/lib/sunrsasign.jar:/Library/Java/JavaVirtualMachines/adoptopenjdk-8.jdk/Contents/Home/jre/lib/jsse.jar:/Library/Java/JavaVirtualMachines/adoptopenjdk-8.jdk/Contents/Home/jre/lib/jce.jar:/Library/Java/JavaVirtualMachines/adoptopenjdk-8.jdk/Contents/Home/jre/lib/charsets.jar:/Library/Java/JavaVirtualMachines/adoptopenjdk-8.jdk/Contents/Home/jre/lib/jfr.jar:/Library/Java/JavaVirtualMachines/adoptopenjdk-8.jdk/Contents/Home/jre/classes" />
    <property name="java.vendor" value="AdoptOpenJDK" />
    <property name="file.separator" value="/" />
    <property name="java.vendor.url.bug" value="http://bugreport.sun.com/bugreport/" />
    <property name="sun.io.unicode.encoding" value="UnicodeBig" />
    <property name="sun.cpu.endian" value="little" />
    <property name="ant.file.type" value="file" />
    <property name="socksNonProxyHosts" value="local|*.local|169.254/16|*.169.254/16" />
    <property name="ftp.nonProxyHosts" value="local|*.local|169.254/16|*.169.254/16" />
    <property name="sun.cpu.isalist" value="" />
  </properties>
  <testcase classname="junit.TestCalculator" name="testDivideByZero" time="0.002" />
  <testcase classname="junit.TestCalculator" name="testAdd" time="0.0" />
  <testcase classname="junit.TestCalculator" name="testSubtract" time="0.001" />
  <testcase classname="junit.TestCalculator" name="testDivide" time="0.0" />
  <testcase classname="junit.TestCalculator" name="testMultiply" time="0.0" />
  <system-out><![CDATA[]]></system-out>
  <system-err><![CDATA[]]></system-err>
</testsuite>
